This is pdfTeX, Version 3.14159265-2.6-1.40.16 (TeX Live 2015/Debian) (preloaded format=pdflatex 2016.8.26)  1 SEP 2016 23:20
entering extended mode
 restricted \write18 enabled.
 %&-line parsing enabled.
**Improving_IHC_Techniques_with_CV_GriffinCalme.tex
(./Improving_IHC_Techniques_with_CV_GriffinCalme.tex
LaTeX2e <2016/02/01>
Babel <3.9q> and hyphenation patterns for 5 language(s) loaded.
(/usr/share/texlive/texmf-dist/tex/latex/base/article.cls
Document Class: article 2014/09/29 v1.4h Standard LaTeX document class
(/usr/share/texlive/texmf-dist/tex/latex/base/size12.clo
File: size12.clo 2014/09/29 v1.4h Standard LaTeX file (size option)
)
\c@part=\count79
\c@section=\count80
\c@subsection=\count81
\c@subsubsection=\count82
\c@paragraph=\count83
\c@subparagraph=\count84
\c@figure=\count85
\c@table=\count86
\abovecaptionskip=\skip41
\belowcaptionskip=\skip42
\bibindent=\dimen102
)
(/usr/share/texlive/texmf-dist/tex/latex/hyperref/hyperref.sty
Package: hyperref 2012/11/06 v6.83m Hypertext links for LaTeX

(/usr/share/texlive/texmf-dist/tex/generic/oberdiek/hobsub-hyperref.sty
Package: hobsub-hyperref 2012/05/28 v1.13 Bundle oberdiek, subset hyperref (HO)


(/usr/share/texlive/texmf-dist/tex/generic/oberdiek/hobsub-generic.sty
Package: hobsub-generic 2012/05/28 v1.13 Bundle oberdiek, subset generic (HO)
Package: hobsub 2012/05/28 v1.13 Construct package bundles (HO)
Package: infwarerr 2010/04/08 v1.3 Providing info/warning/error messages (HO)
Package: ltxcmds 2011/11/09 v1.22 LaTeX kernel commands for general use (HO)
Package: ifluatex 2010/03/01 v1.3 Provides the ifluatex switch (HO)
Package ifluatex Info: LuaTeX not detected.
Package: ifvtex 2010/03/01 v1.5 Detect VTeX and its facilities (HO)
Package ifvtex Info: VTeX not detected.
Package: intcalc 2007/09/27 v1.1 Expandable calculations with integers (HO)
Package: ifpdf 2011/01/30 v2.3 Provides the ifpdf switch (HO)
Package ifpdf Info: pdfTeX in PDF mode is detected.
Package: etexcmds 2011/02/16 v1.5 Avoid name clashes with e-TeX commands (HO)
Package etexcmds Info: Could not find \expanded.
(etexcmds)             That can mean that you are not using pdfTeX 1.50 or
(etexcmds)             that some package has redefined \expanded.
(etexcmds)             In the latter case, load this package earlier.
Package: kvsetkeys 2012/04/25 v1.16 Key value parser (HO)
Package: kvdefinekeys 2011/04/07 v1.3 Define keys (HO)
Package: pdftexcmds 2011/11/29 v0.20 Utility functions of pdfTeX for LuaTeX (HO
)
Package pdftexcmds Info: LuaTeX not detected.
Package pdftexcmds Info: \pdf@primitive is available.
Package pdftexcmds Info: \pdf@ifprimitive is available.
Package pdftexcmds Info: \pdfdraftmode found.
Package: pdfescape 2011/11/25 v1.13 Implements pdfTeX's escape features (HO)
Package: bigintcalc 2012/04/08 v1.3 Expandable calculations on big integers (HO
)
Package: bitset 2011/01/30 v1.1 Handle bit-vector datatype (HO)
Package: uniquecounter 2011/01/30 v1.2 Provide unlimited unique counter (HO)
)
Package hobsub Info: Skipping package `hobsub' (already loaded).
Package: letltxmacro 2010/09/02 v1.4 Let assignment for LaTeX macros (HO)
Package: hopatch 2012/05/28 v1.2 Wrapper for package hooks (HO)
Package: xcolor-patch 2011/01/30 xcolor patch
Package: atveryend 2011/06/30 v1.8 Hooks at the very end of document (HO)
Package atveryend Info: \enddocument detected (standard20110627).
Package: atbegshi 2011/10/05 v1.16 At begin shipout hook (HO)
Package: refcount 2011/10/16 v3.4 Data extraction from label references (HO)
Package: hycolor 2011/01/30 v1.7 Color options for hyperref/bookmark (HO)
)
(/usr/share/texlive/texmf-dist/tex/latex/graphics/keyval.sty
Package: keyval 2014/10/28 v1.15 key=value parser (DPC)
\KV@toks@=\toks14
)
(/usr/share/texlive/texmf-dist/tex/generic/ifxetex/ifxetex.sty
Package: ifxetex 2010/09/12 v0.6 Provides ifxetex conditional
)
(/usr/share/texlive/texmf-dist/tex/latex/oberdiek/auxhook.sty
Package: auxhook 2011/03/04 v1.3 Hooks for auxiliary files (HO)
)
(/usr/share/texlive/texmf-dist/tex/latex/oberdiek/kvoptions.sty
Package: kvoptions 2011/06/30 v3.11 Key value format for package options (HO)
)
\@linkdim=\dimen103
\Hy@linkcounter=\count87
\Hy@pagecounter=\count88

(/usr/share/texlive/texmf-dist/tex/latex/hyperref/pd1enc.def
File: pd1enc.def 2012/11/06 v6.83m Hyperref: PDFDocEncoding definition (HO)
)
\Hy@SavedSpaceFactor=\count89

(/usr/share/texlive/texmf-dist/tex/latex/latexconfig/hyperref.cfg
File: hyperref.cfg 2002/06/06 v1.2 hyperref configuration of TeXLive
)
Package hyperref Info: Hyper figures OFF on input line 4443.
Package hyperref Info: Link nesting OFF on input line 4448.
Package hyperref Info: Hyper index ON on input line 4451.
Package hyperref Info: Plain pages OFF on input line 4458.
Package hyperref Info: Backreferencing OFF on input line 4463.
Package hyperref Info: Implicit mode ON; LaTeX internals redefined.
Package hyperref Info: Bookmarks ON on input line 4688.
\c@Hy@tempcnt=\count90

(/usr/share/texlive/texmf-dist/tex/latex/url/url.sty
\Urlmuskip=\muskip10
Package: url 2013/09/16  ver 3.4  Verb mode for urls, etc.
)
LaTeX Info: Redefining \url on input line 5041.
\XeTeXLinkMargin=\dimen104
\Fld@menulength=\count91
\Field@Width=\dimen105
\Fld@charsize=\dimen106
Package hyperref Info: Hyper figures OFF on input line 6295.
Package hyperref Info: Link nesting OFF on input line 6300.
Package hyperref Info: Hyper index ON on input line 6303.
Package hyperref Info: backreferencing OFF on input line 6310.
Package hyperref Info: Link coloring OFF on input line 6315.
Package hyperref Info: Link coloring with OCG OFF on input line 6320.
Package hyperref Info: PDF/A mode OFF on input line 6325.
LaTeX Info: Redefining \ref on input line 6365.
LaTeX Info: Redefining \pageref on input line 6369.
\Hy@abspage=\count92
\c@Item=\count93
\c@Hfootnote=\count94
)

Package hyperref Message: Driver (autodetected): hpdftex.

(/usr/share/texlive/texmf-dist/tex/latex/hyperref/hpdftex.def
File: hpdftex.def 2012/11/06 v6.83m Hyperref driver for pdfTeX
\Fld@listcount=\count95
\c@bookmark@seq@number=\count96

(/usr/share/texlive/texmf-dist/tex/latex/oberdiek/rerunfilecheck.sty
Package: rerunfilecheck 2011/04/15 v1.7 Rerun checks for auxiliary files (HO)
Package uniquecounter Info: New unique counter `rerunfilecheck' on input line 2
82.
)
\Hy@SectionHShift=\skip43
)
(/usr/share/texlive/texmf-dist/tex/latex/graphics/graphicx.sty
Package: graphicx 2014/10/28 v1.0g Enhanced LaTeX Graphics (DPC,SPQR)

(/usr/share/texlive/texmf-dist/tex/latex/graphics/graphics.sty
Package: graphics 2016/01/03 v1.0q Standard LaTeX Graphics (DPC,SPQR)

(/usr/share/texlive/texmf-dist/tex/latex/graphics/trig.sty
Package: trig 2016/01/03 v1.10 sin cos tan (DPC)
)
(/usr/share/texlive/texmf-dist/tex/latex/latexconfig/graphics.cfg
File: graphics.cfg 2010/04/23 v1.9 graphics configuration of TeX Live
)
Package graphics Info: Driver file: pdftex.def on input line 95.

(/usr/share/texlive/texmf-dist/tex/latex/pdftex-def/pdftex.def
File: pdftex.def 2011/05/27 v0.06d Graphics/color for pdfTeX
\Gread@gobject=\count97
))
\Gin@req@height=\dimen107
\Gin@req@width=\dimen108
)
(/usr/share/texlive/texmf-dist/tex/latex/float/float.sty
Package: float 2001/11/08 v1.3d Float enhancements (AL)
\c@float@type=\count98
\float@exts=\toks15
\float@box=\box26
\@float@everytoks=\toks16
\@floatcapt=\box27
) (./scicite.sty
LaTeX Info: Redefining \cite on input line 160.
LaTeX Info: Redefining \nocite on input line 227.
Package: scicite 2003/11/04  v 4.01
)
(/usr/share/texlive/texmf-dist/tex/latex/amsmath/amsmath.sty
Package: amsmath 2016/03/03 v2.15a AMS math features
\@mathmargin=\skip44

For additional information on amsmath, use the `?' option.
(/usr/share/texlive/texmf-dist/tex/latex/amsmath/amstext.sty
Package: amstext 2000/06/29 v2.01 AMS text

(/usr/share/texlive/texmf-dist/tex/latex/amsmath/amsgen.sty
File: amsgen.sty 1999/11/30 v2.0 generic functions
\@emptytoks=\toks17
\ex@=\dimen109
))
(/usr/share/texlive/texmf-dist/tex/latex/amsmath/amsbsy.sty
Package: amsbsy 1999/11/29 v1.2d Bold Symbols
\pmbraise@=\dimen110
)
(/usr/share/texlive/texmf-dist/tex/latex/amsmath/amsopn.sty
Package: amsopn 1999/12/14 v2.01 operator names
)
\inf@bad=\count99
LaTeX Info: Redefining \frac on input line 199.
\uproot@=\count100
\leftroot@=\count101
LaTeX Info: Redefining \overline on input line 297.
\classnum@=\count102
\DOTSCASE@=\count103
LaTeX Info: Redefining \ldots on input line 394.
LaTeX Info: Redefining \dots on input line 397.
LaTeX Info: Redefining \cdots on input line 518.
\Mathstrutbox@=\box28
\strutbox@=\box29
\big@size=\dimen111
LaTeX Font Info:    Redeclaring font encoding OML on input line 630.
LaTeX Font Info:    Redeclaring font encoding OMS on input line 631.
\macc@depth=\count104
\c@MaxMatrixCols=\count105
\dotsspace@=\muskip11
\c@parentequation=\count106
\dspbrk@lvl=\count107
\tag@help=\toks18
\row@=\count108
\column@=\count109
\maxfields@=\count110
\andhelp@=\toks19
\eqnshift@=\dimen112
\alignsep@=\dimen113
\tagshift@=\dimen114
\tagwidth@=\dimen115
\totwidth@=\dimen116
\lineht@=\dimen117
\@envbody=\toks20
\multlinegap=\skip45
\multlinetaggap=\skip46
\mathdisplay@stack=\toks21
LaTeX Info: Redefining \[ on input line 2735.
LaTeX Info: Redefining \] on input line 2736.
)
(/usr/share/texlive/texmf-dist/tex/latex/algorithms/algorithmic.sty
Package: algorithmic 2009/08/24 v0.1 Document Style `algorithmic'

(/usr/share/texlive/texmf-dist/tex/latex/base/ifthen.sty
Package: ifthen 2014/09/29 v1.1c Standard LaTeX ifthen package (DPC)
)
\c@ALC@unique=\count111
\c@ALC@line=\count112
\c@ALC@rem=\count113
\c@ALC@depth=\count114
\ALC@tlm=\skip47
\algorithmicindent=\skip48
)
(/usr/share/texlive/texmf-dist/tex/latex/algorithms/algorithm.sty
Package: algorithm 2009/08/24 v0.1 Document Style `algorithm' - floating enviro
nment
\@float@every@algorithm=\toks22
\c@algorithm=\count115
)
\c@lastnote=\count116

(./Improving_IHC_Techniques_with_CV_GriffinCalme.aux

LaTeX Warning: Label `program output' multiply defined.


LaTeX Warning: Label `program output' multiply defined.


LaTeX Warning: Label `program output' multiply defined.


LaTeX Warning: Label `program output' multiply defined.

)
\openout1 = `Improving_IHC_Techniques_with_CV_GriffinCalme.aux'.

LaTeX Font Info:    Checking defaults for OML/cmm/m/it on input line 77.
LaTeX Font Info:    ... okay on input line 77.
LaTeX Font Info:    Checking defaults for T1/cmr/m/n on input line 77.
LaTeX Font Info:    ... okay on input line 77.
LaTeX Font Info:    Checking defaults for OT1/cmr/m/n on input line 77.
LaTeX Font Info:    ... okay on input line 77.
LaTeX Font Info:    Checking defaults for OMS/cmsy/m/n on input line 77.
LaTeX Font Info:    ... okay on input line 77.
LaTeX Font Info:    Checking defaults for OMX/cmex/m/n on input line 77.
LaTeX Font Info:    ... okay on input line 77.
LaTeX Font Info:    Checking defaults for U/cmr/m/n on input line 77.
LaTeX Font Info:    ... okay on input line 77.
LaTeX Font Info:    Checking defaults for PD1/pdf/m/n on input line 77.
LaTeX Font Info:    ... okay on input line 77.
\AtBeginShipoutBox=\box30
Package hyperref Info: Link coloring OFF on input line 77.
 (/usr/share/texlive/texmf-dist/tex/latex/hyperref/nameref.sty
Package: nameref 2012/10/27 v2.43 Cross-referencing by name of section

(/usr/share/texlive/texmf-dist/tex/generic/oberdiek/gettitlestring.sty
Package: gettitlestring 2010/12/03 v1.4 Cleanup title references (HO)
)
\c@section@level=\count117
)
LaTeX Info: Redefining \ref on input line 77.
LaTeX Info: Redefining \pageref on input line 77.
LaTeX Info: Redefining \nameref on input line 77.

(./Improving_IHC_Techniques_with_CV_GriffinCalme.out)
(./Improving_IHC_Techniques_with_CV_GriffinCalme.out)
\@outlinefile=\write3
\openout3 = `Improving_IHC_Techniques_with_CV_GriffinCalme.out'.


(/usr/share/texlive/texmf-dist/tex/context/base/supp-pdf.mkii
[Loading MPS to PDF converter (version 2006.09.02).]
\scratchcounter=\count118
\scratchdimen=\dimen118
\scratchbox=\box31
\nofMPsegments=\count119
\nofMParguments=\count120
\everyMPshowfont=\toks23
\MPscratchCnt=\count121
\MPscratchDim=\dimen119
\MPnumerator=\count122
\makeMPintoPDFobject=\count123
\everyMPtoPDFconversion=\toks24
) (/usr/share/texlive/texmf-dist/tex/latex/oberdiek/epstopdf-base.sty
Package: epstopdf-base 2010/02/09 v2.5 Base part for package epstopdf

(/usr/share/texlive/texmf-dist/tex/latex/oberdiek/grfext.sty
Package: grfext 2010/08/19 v1.1 Manage graphics extensions (HO)
)
Package grfext Info: Graphics extension search list:
(grfext)             [.png,.pdf,.jpg,.mps,.jpeg,.jbig2,.jb2,.PNG,.PDF,.JPG,.JPE
G,.JBIG2,.JB2,.eps]
(grfext)             \AppendGraphicsExtensions on input line 452.

(/usr/share/texlive/texmf-dist/tex/latex/latexconfig/epstopdf-sys.cfg
File: epstopdf-sys.cfg 2010/07/13 v1.3 Configuration of (r)epstopdf for TeX Liv
e
))
Overfull \hbox (4.5952pt too wide) in paragraph at lines 101--102
[]\OT1/cmr/m/it/12 Keywords \OT1/cmr/m/n/12 --- Breast can-cer, color de-con-vo
-lu-tion, im-muno-his-to-chem-istry, ran-dom walker
 []

[1

{/var/lib/texmf/fonts/map/pdftex/updmap/pdftex.map}] [2] [3] [4] [5] [6]
[7] [8] [9] <1CD.png, id=62, 700.2963pt x 647.5392pt>
File: 1CD.png Graphic file (type png)
 <use 1CD.png>
Package pdftex.def Info: 1CD.png used on input line 168.
(pdftex.def)             Requested size: 455.24408pt x 420.95477pt.
 [10]
[11pdfTeX warning (ext4): destination with the same identifier (name{figure.1})
 has been already used, duplicate ignored

\AtBegShi@Output ...ipout \box \AtBeginShipoutBox 
                                                  \fi \fi 
l.173 \newpage
               <./1CD.png>]
Package hyperref Info: bookmark level for unknown algorithm defaults to 0 on in
put line 180.
 <2DABglobal.png, id=74, 700.2963pt x 300.6432pt>
File: 2DABglobal.png Graphic file (type png)

<use 2DABglobal.png>
Package pdftex.def Info: 2DABglobal.png used on input line 213.
(pdftex.def)             Requested size: 455.24408pt x 195.44328pt.
 [12] [13pdfTeX warning (ext4): destination with the same identifier (name{figu
re.2}) has been already used, duplicate ignored

\AtBegShi@Output ...ipout \box \AtBeginShipoutBox 
                                                  \fi \fi 
l.220 
       <./2DABglobal.png>] <3BlobDetect.png, id=106, 887.4756pt x 780.516pt>
File: 3BlobDetect.png Graphic file (type png)

<use 3BlobDetect.png>
Package pdftex.def Info: 3BlobDetect.png used on input line 222.
(pdftex.def)             Requested size: 455.24408pt x 400.36838pt.
 <4BlobDetectHard.png, id=107, 1005.9984pt x 365.6862pt>
File: 4BlobDetectHard.png Graphic file (type png)

<use 4BlobDetectHard.png>
Package pdftex.def Info: 4BlobDetectHard.png used on input line 230.
(pdftex.def)             Requested size: 455.24408pt x 165.48354pt.
 [14pdfTeX warning (ext4): destination with the same identifier (name{figure.3}
) has been already used, duplicate ignored

\AtBegShi@Output ...ipout \box \AtBeginShipoutBox 
                                                  \fi \fi 
l.234 
       <./3BlobDetect.png (PNG copy)>] [15pdfTeX warning (ext4): destination wi
th the same identifier (name{figure.4}) has been already used, duplicate ignore
d

\AtBegShi@Output ...ipout \box \AtBeginShipoutBox 
                                                  \fi \fi 
l.239 
       <./4BlobDetectHard.png (PNG copy)>]
<5RWSvsWatershed.png, id=119, 700.2963pt x 647.5392pt>
File: 5RWSvsWatershed.png Graphic file (type png)

<use 5RWSvsWatershed.png>
Package pdftex.def Info: 5RWSvsWatershed.png used on input line 243.
(pdftex.def)             Requested size: 455.24408pt x 420.95477pt.

<6ColorDeconvFlow.png, id=120, 435.64626pt x 366.75336pt>
File: 6ColorDeconvFlow.png Graphic file (type png)

<use 6ColorDeconvFlow.png>
Package pdftex.def Info: 6ColorDeconvFlow.png used on input line 255.
(pdftex.def)             Requested size: 455.24408pt x 383.26683pt.
 [16pdfTeX warning (ext4): destination with the same identifier (name{figure.5}
) has been already used, duplicate ignored

\AtBegShi@Output ...ipout \box \AtBeginShipoutBox 
                                                  \fi \fi 
l.259 
       <./5RWSvsWatershed.png>]
<7SeedThreshold.png, id=127, 426.8658pt x 388.36682pt>
File: 7SeedThreshold.png Graphic file (type png)

<use 7SeedThreshold.png>
Package pdftex.def Info: 7SeedThreshold.png used on input line 261.
(pdftex.def)             Requested size: 455.24408pt x 414.2032pt.
 [17pdfTeX warning (ext4): destination with the same identifier (name{figure.6}
) has been already used, duplicate ignored

\AtBegShi@Output ...ipout \box \AtBeginShipoutBox 
                                                  \fi \fi 
l.265 
       <./6ColorDeconvFlow.png (PNG copy)>]
<8RandomWalkSeg.png, id=135, 435.64626pt x 407.2786pt>
File: 8RandomWalkSeg.png Graphic file (type png)

<use 8RandomWalkSeg.png>
Package pdftex.def Info: 8RandomWalkSeg.png used on input line 267.
(pdftex.def)             Requested size: 455.24408pt x 425.61676pt.
Missing character: There is no Î in font cmr12!
Missing character: There is no ³ in font cmr12!
Missing character: There is no Î in font cmr12!
Missing character: There is no ³ in font cmr12!
 [18pdfTeX warning (ext4): destination with the same identifier (name{figure.7}
) has been already used, duplicate ignored

\AtBegShi@Output ...ipout \box \AtBeginShipoutBox 
                                                  \fi \fi 
l.272 
       <./7SeedThreshold.png (PNG copy)>] [19pdfTeX warning (ext4): destination
 with the same identifier (name{figure.8}) has been already used, duplicate ign
ored

\AtBegShi@Output ...ipout \box \AtBeginShipoutBox 
                                                  \fi \fi 
l.289 
       <./8RandomWalkSeg.png (PNG copy)>]
Missing character: There is no Ã in font cmr12!
Missing character: There is no ¯ in font cmr12!
 [20pdfTeX warning (ext4): destination with the same identifier (name{table.1})
 has been already used, duplicate ignored

\AtBegShi@Output ...ipout \box \AtBeginShipoutBox 
                                                  \fi \fi 
l.297 
      ] [21pdfTeX warning (ext4): destination with the same identifier (name{ta
ble.2}) has been already used, duplicate ignored

\AtBegShi@Output ...ipout \box \AtBeginShipoutBox 
                                                  \fi \fi 
l.349 
      pdfTeX warning (ext4): destination with the same identifier (name{table.3
}) has been already used, duplicate ignored

\AtBegShi@Output ...ipout \box \AtBeginShipoutBox 
                                                  \fi \fi 
l.349 
      pdfTeX warning (ext4): destination with the same identifier (name{table.4
}) has been already used, duplicate ignored

\AtBegShi@Output ...ipout \box \AtBeginShipoutBox 
                                                  \fi \fi 
l.349 
      ] [22pdfTeX warning (ext4): destination with the same identifier (name{ta
ble.5}) has been already used, duplicate ignored

\AtBegShi@Output ...ipout \box \AtBeginShipoutBox 
                                                  \fi \fi 
l.391 \newpage
              ] <9_IL10_20x.png, id=173, 712.5822pt x 605.6226pt>
File: 9_IL10_20x.png Graphic file (type png)

<use 9_IL10_20x.png>
Package pdftex.def Info: 9_IL10_20x.png used on input line 413.
(pdftex.def)             Requested size: 455.24408pt x 386.9133pt.
 [23pdfTeX warning (ext4): destination with the same identifier (name{table.6})
 has been already used, duplicate ignored

\AtBegShi@Output ...ipout \box \AtBeginShipoutBox 
                                                  \fi \fi 
l.418 
      ] <10_IFNg_20x.png, id=194, 712.5822pt x 605.6226pt>
File: 10_IFNg_20x.png Graphic file (type png)

<use 10_IFNg_20x.png>
Package pdftex.def Info: 10_IFNg_20x.png used on input line 438.
(pdftex.def)             Requested size: 455.24408pt x 386.9133pt.
 [24pdfTeX warning (ext4): destination with the same identifier (name{figure.9}
) has been already used, duplicate ignored

\AtBegShi@Output ...ipout \box \AtBeginShipoutBox 
                                                  \fi \fi 
l.443 
      pdfTeX warning (ext4): destination with the same identifier (name{table.7
}) has been already used, duplicate ignored

\AtBegShi@Output ...ipout \box \AtBeginShipoutBox 
                                                  \fi \fi 
l.443 
       <./9_IL10_20x.png>] <11_IL10_20x.png, id=203, 712.5822pt x 605.6226pt>
File: 11_IL10_20x.png Graphic file (type png)

<use 11_IL10_20x.png>
Package pdftex.def Info: 11_IL10_20x.png used on input line 463.
(pdftex.def)             Requested size: 455.24408pt x 386.9133pt.
 [25pdfTeX warning (ext4): destination with the same identifier (name{figure.10
}) has been already used, duplicate ignored

\AtBegShi@Output ...ipout \box \AtBeginShipoutBox 
                                                  \fi \fi 
l.468 
      pdfTeX warning (ext4): destination with the same identifier (name{table.8
}) has been already used, duplicate ignored

\AtBegShi@Output ...ipout \box \AtBeginShipoutBox 
                                                  \fi \fi 
l.468 
       <./10_IFNg_20x.png>] <12_IFNg_20x.png, id=212, 712.5822pt x 605.6226pt>
File: 12_IFNg_20x.png Graphic file (type png)

<use 12_IFNg_20x.png>
Package pdftex.def Info: 12_IFNg_20x.png used on input line 488.
(pdftex.def)             Requested size: 455.24408pt x 386.9133pt.
 [26pdfTeX warning (ext4): destination with the same identifier (name{figure.11
}) has been already used, duplicate ignored

\AtBegShi@Output ...ipout \box \AtBeginShipoutBox 
                                                  \fi \fi 
l.493 
      pdfTeX warning (ext4): destination with the same identifier (name{table.9
}) has been already used, duplicate ignored

\AtBegShi@Output ...ipout \box \AtBeginShipoutBox 
                                                  \fi \fi 
l.493 
       <./11_IL10_20x.png>] [27pdfTeX warning (ext4): destination with the same
 identifier (name{figure.12}) has been already used, duplicate ignored

\AtBegShi@Output ...ipout \box \AtBeginShipoutBox 
                                                  \fi \fi 
l.520 
      pdfTeX warning (ext4): destination with the same identifier (name{table.1
0}) has been already used, duplicate ignored

\AtBegShi@Output ...ipout \box \AtBeginShipoutBox 
                                                  \fi \fi 
l.520 
       <./12_IFNg_20x.png>] [28]
<13ColorConstancyIllusion.png, id=232, 499.13579pt x 310.01804pt>
File: 13ColorConstancyIllusion.png Graphic file (type png)

<use 13ColorConstancyIllusion.png>
Package pdftex.def Info: 13ColorConstancyIllusion.png used on input line 546.
(pdftex.def)             Requested size: 284.52756pt x 176.72157pt.
 [29] [30pdfTeX warning (ext4): destination with the same identifier (name{figu
re.13}) has been already used, duplicate ignored

\AtBegShi@Output ...ipout \box \AtBeginShipoutBox 
                                                  \fi \fi 
l.562 \newpage
               <./13ColorConstancyIllusion.png (PNG copy)>] [31]
Missing character: There is no Ã in font cmr12!
Missing character: There is no § in font cmr12!
 [32]
Missing character: There is no Î in font cmr12!
Missing character: There is no ³ in font cmr12!
 [33]
Missing character: There is no Ã in font cmr12!
Missing character: There is no § in font cmr12!

Overfull \hbox (17.95842pt too wide) in paragraph at lines 636--637
\OT1/cmr/m/n/12 T-cells from CD8 stained im-ages of re-nal biop-sies. 2013;8676
:867606. doi:10.1117/12.2007977. 
 []

Missing character: There is no Ã in font cmr12!
Missing character: There is no ¤ in font cmr12!
[34]
Overfull \hbox (2.57385pt too wide) in paragraph at lines 644--645
\OT1/cmr/m/n/12 [32] Petro AB, Sbert C, Morel J. Mul-ti-scale Retinex. \OT1/cmr
/m/it/12 Im-age Pro-cess-ing On Line. \OT1/cmr/m/n/12 2014;4:71-
 []

Package atveryend Info: Empty hook `BeforeClearDocument' on input line 651.
[35]
Package atveryend Info: Empty hook `AfterLastShipout' on input line 651.
 (./Improving_IHC_Techniques_with_CV_GriffinCalme.aux)
Package atveryend Info: Executing hook `AtVeryEndDocument' on input line 651.
Package atveryend Info: Executing hook `AtEndAfterFileList' on input line 651.
Package rerunfilecheck Info: File `Improving_IHC_Techniques_with_CV_GriffinCalm
e.out' has not changed.
(rerunfilecheck)             Checksum: D41D8CD98F00B204E9800998ECF8427E;0.


LaTeX Warning: There were multiply-defined labels.

Package atveryend Info: Empty hook `AtVeryVeryEnd' on input line 651.
 ) 
Here is how much of TeX's memory you used:
 6197 strings out of 494910
 89176 string characters out of 6179836
 174569 words of memory out of 5000000
 9320 multiletter control sequences out of 15000+600000
 10801 words of font info for 39 fonts, out of 8000000 for 9000
 36 hyphenation exceptions out of 8191
 29i,11n,23p,1927b,539s stack positions out of 5000i,500n,10000p,200000b,80000s
</usr/share/texlive/texmf-dist/fonts/type1/public/amsfonts/cm/cmbx12.pfb></us
r/share/texlive/texmf-dist/fonts/type1/public/amsfonts/cm/cmex10.pfb></usr/shar
e/texlive/texmf-dist/fonts/type1/public/amsfonts/cm/cmmi12.pfb></usr/share/texl
ive/texmf-dist/fonts/type1/public/amsfonts/cm/cmmi6.pfb></usr/share/texlive/tex
mf-dist/fonts/type1/public/amsfonts/cm/cmmi8.pfb></usr/share/texlive/texmf-dist
/fonts/type1/public/amsfonts/cm/cmr12.pfb></usr/share/texlive/texmf-dist/fonts/
type1/public/amsfonts/cm/cmr17.pfb></usr/share/texlive/texmf-dist/fonts/type1/p
ublic/amsfonts/cm/cmr6.pfb></usr/share/texlive/texmf-dist/fonts/type1/public/am
sfonts/cm/cmr8.pfb></usr/share/texlive/texmf-dist/fonts/type1/public/amsfonts/c
m/cmsy10.pfb></usr/share/texlive/texmf-dist/fonts/type1/public/amsfonts/cm/cmsy
8.pfb></usr/share/texlive/texmf-dist/fonts/type1/public/amsfonts/cm/cmti12.pfb>
</usr/share/texlive/texmf-dist/fonts/type1/public/amsfonts/cm/cmti8.pfb></usr/s
hare/texlive/texmf-dist/fonts/type1/public/amsfonts/cm/cmtt12.pfb>
Output written on Improving_IHC_Techniques_with_CV_GriffinCalme.pdf (35 pages, 
6730540 bytes).
PDF statistics:
 339 PDF objects out of 1000 (max. 8388607)
 265 compressed objects within 3 object streams
 111 named destinations out of 1000 (max. 500000)
 66 words of extra memory for PDF output out of 10000 (max. 10000000)

